<?xml version="1.0" encoding="UTF-8"?>
<robot generator="Robot 7.4.1 (Python 3.13.1 on win32)" generated="2026-02-01T20:42:24.434450" rpa="false" schemaversion="5">
<suite id="s1" name="Join" source="D:\Personal\dumps-projects\automation\nf\tests\join.robot">
<test id="s1-t1" name="TC01" line="6">
<kw name="Open join page" owner="keywords">
<kw name="Set Browser Timeout" owner="Browser">
<msg time="2026-02-01T20:42:24.741595" level="INFO">Starting Browser process D:\Personal\dumps-projects\automation\nf\.venv\Lib\site-packages\Browser\wrapper\index.js using at 127.0.0.1:62733</msg>
<arg>${BROWSER_TIMEOUT}</arg>
<tag>Config</tag>
<tag>Setter</tag>
<doc>Sets the timeout used by most input and getter keywords.</doc>
<status status="PASS" start="2026-02-01T20:42:24.711176" elapsed="1.094749"/>
</kw>
<kw name="New Page" owner="Browser">
<msg time="2026-02-01T20:42:25.978452" level="INFO">Successfully initialized new page object and opened url: about:blank</msg>
<msg time="2026-02-01T20:42:25.978523" level="INFO">No browser and context was open. New browser and context was automatically opened when page is created.</msg>
<arg>about:blank</arg>
<tag>BrowserControl</tag>
<tag>Setter</tag>
<doc>Open a new Page.</doc>
<status status="PASS" start="2026-02-01T20:42:25.806111" elapsed="0.172522"/>
</kw>
<kw name="Go To" owner="Browser">
<msg time="2026-02-01T20:42:47.763422" level="INFO">Successfully opened URL https://nfbusty.com/join?cascid=132</msg>
<arg>${url}</arg>
<tag>BrowserControl</tag>
<tag>Setter</tag>
<doc>Navigates to the given ``url``.</doc>
<status status="PASS" start="2026-02-01T20:42:25.978788" elapsed="21.784918"/>
</kw>
<arg>https://nfbusty.com/join?cascid=132</arg>
<status status="PASS" start="2026-02-01T20:42:24.709904" elapsed="23.054044"/>
</kw>
<kw name="Select 30 day membership and proceed to checkout" owner="keywords">
<kw name="Close modal and select 30 day membership" owner="keywords">
<kw name="Close consent modal if present" owner="keywords">
<kw name="Set Variable" owner="BuiltIn">
<msg time="2026-02-01T20:42:47.767334" level="INFO">${btn} = css=div.modal-dialog button[data-bs-dismiss="modal"]:has-text("I agree")</msg>
<var>${btn}</var>
<arg>css=div.modal-dialog button[data-bs-dismiss="modal"]:has-text("I agree")</arg>
<doc>Returns the given values which can then be assigned to a variables.</doc>
<status status="PASS" start="2026-02-01T20:42:47.766886" elapsed="0.000488"/>
</kw>
<kw name="Get Element Count" owner="Browser">
<msg time="2026-02-01T20:42:47.800312" level="INFO">${count} = 1</msg>
<var>${count}</var>
<arg>${btn}</arg>
<tag>Assertion</tag>
<tag>Getter</tag>
<tag>PageContent</tag>
<doc>Returns the count of elements found with ``selector``.</doc>
<status status="PASS" start="2026-02-01T20:42:47.767514" elapsed="0.032838"/>
</kw>
<if>
<branch type="IF" condition="${count} &gt; 0">
<kw name="Wait For Elements State" owner="Browser">
<msg time="2026-02-01T20:42:47.815334" level="INFO">Waited for Element with selector css=div.modal-dialog button[data-bs-dismiss="modal"]:has-text("I agree") at state visible</msg>
<arg>${btn}</arg>
<arg>visible</arg>
<arg>timeout=5s</arg>
<tag>PageContent</tag>
<tag>Wait</tag>
<doc>Waits for the element found by ``selector`` to satisfy state option.</doc>
<status status="PASS" start="2026-02-01T20:42:47.800836" elapsed="0.014641"/>
</kw>
<kw name="Click" owner="Browser">
<msg time="2026-02-01T20:42:47.816151" level="INFO">Clicks the element 'css=div.modal-dialog button[data-bs-dismiss="modal"]:has-text("I agree")'.</msg>
<arg>${btn}</arg>
<tag>PageContent</tag>
<tag>Setter</tag>
<doc>Simulates mouse click on the element found by ``selector``.</doc>
<status status="PASS" start="2026-02-01T20:42:47.815636" elapsed="0.066763"/>
</kw>
<status status="PASS" start="2026-02-01T20:42:47.800479" elapsed="0.082037"/>
</branch>
<status status="PASS" start="2026-02-01T20:42:47.800450" elapsed="0.082134"/>
</if>
<status status="PASS" start="2026-02-01T20:42:47.766501" elapsed="0.116179"/>
</kw>
<kw name="Select 30 day membership option" owner="keywords">
<kw name="Set Variable" owner="BuiltIn">
<msg time="2026-02-01T20:42:47.883932" level="INFO">${option} = css=label.join-option:has-text("30 Day Membership")</msg>
<var>${option}</var>
<arg>css=label.join-option:has-text("30 Day Membership")</arg>
<doc>Returns the given values which can then be assigned to a variables.</doc>
<status status="PASS" start="2026-02-01T20:42:47.883592" elapsed="0.000365"/>
</kw>
<kw name="Wait For Elements State" owner="Browser">
<msg time="2026-02-01T20:42:47.893727" level="INFO">Waited for Element with selector css=label.join-option:has-text("30 Day Membership") at state visible</msg>
<arg>${option}</arg>
<arg>visible</arg>
<arg>timeout=30s</arg>
<tag>PageContent</tag>
<tag>Wait</tag>
<doc>Waits for the element found by ``selector`` to satisfy state option.</doc>
<status status="PASS" start="2026-02-01T20:42:47.884046" elapsed="0.009813"/>
</kw>
<kw name="Click" owner="Browser">
<msg time="2026-02-01T20:42:47.894518" level="INFO">Clicks the element 'css=label.join-option:has-text("30 Day Membership")'.</msg>
<arg>${option}</arg>
<tag>PageContent</tag>
<tag>Setter</tag>
<doc>Simulates mouse click on the element found by ``selector``.</doc>
<status status="PASS" start="2026-02-01T20:42:47.894012" elapsed="0.175139"/>
</kw>
<doc>Select the "30 Day Membership" plan after the modal is closed.</doc>
<status status="PASS" start="2026-02-01T20:42:47.882950" elapsed="0.186307"/>
</kw>
<doc>Close the modal if shown, then select the 30 day plan.</doc>
<status status="PASS" start="2026-02-01T20:42:47.765998" elapsed="0.303300"/>
</kw>
<kw name="Enter email and password and proceed to checkout" owner="keywords">
<kw name="Get Element Count" owner="Browser">
<msg time="2026-02-01T20:42:48.074800" level="INFO">${emailCount} = 1</msg>
<var>${emailCount}</var>
<arg>css=#UsernamePromptEmail</arg>
<tag>Assertion</tag>
<tag>Getter</tag>
<tag>PageContent</tag>
<doc>Returns the count of elements found with ``selector``.</doc>
<status status="PASS" start="2026-02-01T20:42:48.069996" elapsed="0.004840"/>
</kw>
<if>
<branch type="IF" condition="${emailCount} &gt; 0">
<kw name="Wait For Elements State" owner="Browser">
<msg time="2026-02-01T20:42:48.287999" level="INFO">Waited for Element with selector css=#UsernamePromptEmail at state visible</msg>
<arg>css=#UsernamePromptEmail</arg>
<arg>visible</arg>
<arg>timeout=15s</arg>
<tag>PageContent</tag>
<tag>Wait</tag>
<doc>Waits for the element found by ``selector`` to satisfy state option.</doc>
<status status="PASS" start="2026-02-01T20:42:48.075234" elapsed="0.212910"/>
</kw>
<kw name="Wait For Elements State" owner="Browser">
<msg time="2026-02-01T20:42:48.292997" level="INFO">Waited for Element with selector css=#UsernamePromptPassword at state visible</msg>
<arg>css=#UsernamePromptPassword</arg>
<arg>visible</arg>
<arg>timeout=15s</arg>
<tag>PageContent</tag>
<tag>Wait</tag>
<doc>Waits for the element found by ``selector`` to satisfy state option.</doc>
<status status="PASS" start="2026-02-01T20:42:48.288308" elapsed="0.004822"/>
</kw>
<if>
<branch type="IF" condition="'${email}' == '${EMPTY}'">
<kw name="Get Time" owner="BuiltIn">
<var>${epoch}</var>
<arg>epoch</arg>
<doc>Returns the given time in the requested format.</doc>
<status status="NOT RUN" start="2026-02-01T20:42:48.293751" elapsed="0.000074"/>
</kw>
<kw name="Set Variable" owner="BuiltIn">
<var>${email}</var>
<arg>test${epoch}@yopmail.com</arg>
<doc>Returns the given values which can then be assigned to a variables.</doc>
<status status="NOT RUN" start="2026-02-01T20:42:48.293906" elapsed="0.000050"/>
</kw>
<status status="NOT RUN" start="2026-02-01T20:42:48.293245" elapsed="0.000740"/>
</branch>
<status status="PASS" start="2026-02-01T20:42:48.293224" elapsed="0.000793"/>
</if>
<kw name="Fill Text" owner="Browser">
<msg time="2026-02-01T20:42:48.294387" level="INFO">Fills the text 'testyop@yopmail.com' in the given field.</msg>
<arg>css=#UsernamePromptEmail</arg>
<arg>${email}</arg>
<tag>PageContent</tag>
<tag>Setter</tag>
<doc>Clears and fills the given ``txt`` into the text field found by ``selector``.</doc>
<status status="PASS" start="2026-02-01T20:42:48.294071" elapsed="0.011906"/>
</kw>
<kw name="Fill Text" owner="Browser">
<msg time="2026-02-01T20:42:48.306761" level="INFO">Fills the text 'ruby1234' in the given field.</msg>
<arg>css=#UsernamePromptPassword</arg>
<arg>${password}</arg>
<tag>PageContent</tag>
<tag>Setter</tag>
<doc>Clears and fills the given ``txt`` into the text field found by ``selector``.</doc>
<status status="PASS" start="2026-02-01T20:42:48.306272" elapsed="0.008764"/>
</kw>
<kw name="Log To Console" owner="BuiltIn">
<arg>Email used: ${email}</arg>
<doc>Logs the given message to the console.</doc>
<status status="PASS" start="2026-02-01T20:42:48.315271" elapsed="0.000661"/>
</kw>
<kw name="Wait For Elements State" owner="Browser">
<msg time="2026-02-01T20:42:48.323130" level="INFO">Waited for Element with selector css=button#Checkout at state visible</msg>
<arg>css=button#Checkout</arg>
<arg>visible</arg>
<arg>timeout=15s</arg>
<tag>PageContent</tag>
<tag>Wait</tag>
<doc>Waits for the element found by ``selector`` to satisfy state option.</doc>
<status status="PASS" start="2026-02-01T20:42:48.316112" elapsed="0.007151"/>
</kw>
<kw name="Click" owner="Browser">
<msg time="2026-02-01T20:42:48.323892" level="INFO">Clicks the element 'css=button#Checkout'.</msg>
<arg>css=button#Checkout</arg>
<tag>PageContent</tag>
<tag>Setter</tag>
<doc>Simulates mouse click on the element found by ``selector``.</doc>
<status status="PASS" start="2026-02-01T20:42:48.323415" elapsed="0.258328"/>
</kw>
<kw name="Verify redirected to CCBill signup" owner="keywords">
<kw name="Wait Until Keyword Succeeds" owner="BuiltIn">
<kw name="Current URL should start with" owner="keywords">
<kw name="Get Url" owner="Browser">
<msg time="2026-02-01T20:42:48.585790" level="INFO">${url} = https://nfbusty.com/join?cascid=132</msg>
<var>${url}</var>
<tag>Assertion</tag>
<tag>Getter</tag>
<tag>PageContent</tag>
<doc>Returns the current URL.</doc>
<status status="PASS" start="2026-02-01T20:42:48.583099" elapsed="0.002725"/>
</kw>
<kw name="Should Start With" owner="BuiltIn">
<msg time="2026-02-01T20:42:48.586368" level="FAIL">'https://nfbusty.com/join?cascid=132' does not start with 'https://bill.ccbill.com/jpost/signup'</msg>
<arg>${url}</arg>
<arg>${prefix}</arg>
<doc>Fails if the string ``str1`` does not start with the string ``str2``.</doc>
<status status="FAIL" start="2026-02-01T20:42:48.585945" elapsed="0.000543">'https://nfbusty.com/join?cascid=132' does not start with 'https://bill.ccbill.com/jpost/signup'</status>
</kw>
<arg>${prefix}</arg>
<status status="FAIL" start="2026-02-01T20:42:48.582836" elapsed="0.003763">'https://nfbusty.com/join?cascid=132' does not start with 'https://bill.ccbill.com/jpost/signup'</status>
</kw>
<kw name="Current URL should start with" owner="keywords">
<kw name="Get Url" owner="Browser">
<msg time="2026-02-01T20:42:49.592787" level="INFO">${url} = https://nfbusty.com/join?cascid=132</msg>
<var>${url}</var>
<tag>Assertion</tag>
<tag>Getter</tag>
<tag>PageContent</tag>
<doc>Returns the current URL.</doc>
<status status="PASS" start="2026-02-01T20:42:49.588379" elapsed="0.004498"/>
</kw>
<kw name="Should Start With" owner="BuiltIn">
<msg time="2026-02-01T20:42:49.593938" level="FAIL">'https://nfbusty.com/join?cascid=132' does not start with 'https://bill.ccbill.com/jpost/signup'</msg>
<arg>${url}</arg>
<arg>${prefix}</arg>
<doc>Fails if the string ``str1`` does not start with the string ``str2``.</doc>
<status status="FAIL" start="2026-02-01T20:42:49.593122" elapsed="0.000950">'https://nfbusty.com/join?cascid=132' does not start with 'https://bill.ccbill.com/jpost/signup'</status>
</kw>
<arg>${prefix}</arg>
<status status="FAIL" start="2026-02-01T20:42:49.587329" elapsed="0.006942">'https://nfbusty.com/join?cascid=132' does not start with 'https://bill.ccbill.com/jpost/signup'</status>
</kw>
<kw name="Current URL should start with" owner="keywords">
<kw name="Get Url" owner="Browser">
<msg time="2026-02-01T20:42:50.603753" level="INFO">${url} = https://nfbusty.com/join?cascid=132</msg>
<var>${url}</var>
<tag>Assertion</tag>
<tag>Getter</tag>
<tag>PageContent</tag>
<doc>Returns the current URL.</doc>
<status status="PASS" start="2026-02-01T20:42:50.597062" elapsed="0.006773"/>
</kw>
<kw name="Should Start With" owner="BuiltIn">
<msg time="2026-02-01T20:42:50.605048" level="FAIL">'https://nfbusty.com/join?cascid=132' does not start with 'https://bill.ccbill.com/jpost/signup'</msg>
<arg>${url}</arg>
<arg>${prefix}</arg>
<doc>Fails if the string ``str1`` does not start with the string ``str2``.</doc>
<status status="FAIL" start="2026-02-01T20:42:50.604128" elapsed="0.001037">'https://nfbusty.com/join?cascid=132' does not start with 'https://bill.ccbill.com/jpost/signup'</status>
</kw>
<arg>${prefix}</arg>
<status status="FAIL" start="2026-02-01T20:42:50.595436" elapsed="0.009913">'https://nfbusty.com/join?cascid=132' does not start with 'https://bill.ccbill.com/jpost/signup'</status>
</kw>
<kw name="Current URL should start with" owner="keywords">
<kw name="Get Url" owner="Browser">
<msg time="2026-02-01T20:42:51.611305" level="INFO">${url} = https://nfbusty.com/join?cascid=132</msg>
<var>${url}</var>
<tag>Assertion</tag>
<tag>Getter</tag>
<tag>PageContent</tag>
<doc>Returns the current URL.</doc>
<status status="PASS" start="2026-02-01T20:42:51.607364" elapsed="0.004004"/>
</kw>
<kw name="Should Start With" owner="BuiltIn">
<msg time="2026-02-01T20:42:51.612271" level="FAIL">'https://nfbusty.com/join?cascid=132' does not start with 'https://bill.ccbill.com/jpost/signup'</msg>
<arg>${url}</arg>
<arg>${prefix}</arg>
<doc>Fails if the string ``str1`` does not start with the string ``str2``.</doc>
<status status="FAIL" start="2026-02-01T20:42:51.611594" elapsed="0.000773">'https://nfbusty.com/join?cascid=132' does not start with 'https://bill.ccbill.com/jpost/signup'</status>
</kw>
<arg>${prefix}</arg>
<status status="FAIL" start="2026-02-01T20:42:51.606417" elapsed="0.006112">'https://nfbusty.com/join?cascid=132' does not start with 'https://bill.ccbill.com/jpost/signup'</status>
</kw>
<kw name="Current URL should start with" owner="keywords">
<kw name="Get Url" owner="Browser">
<msg time="2026-02-01T20:42:52.620586" level="INFO">${url} = https://nfbusty.com/join?cascid=132</msg>
<var>${url}</var>
<tag>Assertion</tag>
<tag>Getter</tag>
<tag>PageContent</tag>
<doc>Returns the current URL.</doc>
<status status="PASS" start="2026-02-01T20:42:52.615034" elapsed="0.005629"/>
</kw>
<kw name="Should Start With" owner="BuiltIn">
<msg time="2026-02-01T20:42:52.621865" level="FAIL">'https://nfbusty.com/join?cascid=132' does not start with 'https://bill.ccbill.com/jpost/signup'</msg>
<arg>${url}</arg>
<arg>${prefix}</arg>
<doc>Fails if the string ``str1`` does not start with the string ``str2``.</doc>
<status status="FAIL" start="2026-02-01T20:42:52.620949" elapsed="0.001047">'https://nfbusty.com/join?cascid=132' does not start with 'https://bill.ccbill.com/jpost/signup'</status>
</kw>
<arg>${prefix}</arg>
<status status="FAIL" start="2026-02-01T20:42:52.613986" elapsed="0.008222">'https://nfbusty.com/join?cascid=132' does not start with 'https://bill.ccbill.com/jpost/signup'</status>
</kw>
<kw name="Current URL should start with" owner="keywords">
<kw name="Get Url" owner="Browser">
<msg time="2026-02-01T20:42:53.628203" level="INFO">${url} = https://nfbusty.com/join?cascid=132</msg>
<var>${url}</var>
<tag>Assertion</tag>
<tag>Getter</tag>
<tag>PageContent</tag>
<doc>Returns the current URL.</doc>
<status status="PASS" start="2026-02-01T20:42:53.624279" elapsed="0.003980"/>
</kw>
<kw name="Should Start With" owner="BuiltIn">
<msg time="2026-02-01T20:42:53.629120" level="FAIL">'https://nfbusty.com/join?cascid=132' does not start with 'https://bill.ccbill.com/jpost/signup'</msg>
<arg>${url}</arg>
<arg>${prefix}</arg>
<doc>Fails if the string ``str1`` does not start with the string ``str2``.</doc>
<status status="FAIL" start="2026-02-01T20:42:53.628456" elapsed="0.000751">'https://nfbusty.com/join?cascid=132' does not start with 'https://bill.ccbill.com/jpost/signup'</status>
</kw>
<arg>${prefix}</arg>
<status status="FAIL" start="2026-02-01T20:42:53.623238" elapsed="0.006232">'https://nfbusty.com/join?cascid=132' does not start with 'https://bill.ccbill.com/jpost/signup'</status>
</kw>
<kw name="Current URL should start with" owner="keywords">
<kw name="Get Url" owner="Browser">
<msg time="2026-02-01T20:42:54.636208" level="INFO">${url} = https://nfbusty.com/join?cascid=132</msg>
<var>${url}</var>
<tag>Assertion</tag>
<tag>Getter</tag>
<tag>PageContent</tag>
<doc>Returns the current URL.</doc>
<status status="PASS" start="2026-02-01T20:42:54.631685" elapsed="0.004598"/>
</kw>
<kw name="Should Start With" owner="BuiltIn">
<msg time="2026-02-01T20:42:54.637466" level="FAIL">'https://nfbusty.com/join?cascid=132' does not start with 'https://bill.ccbill.com/jpost/signup'</msg>
<arg>${url}</arg>
<arg>${prefix}</arg>
<doc>Fails if the string ``str1`` does not start with the string ``str2``.</doc>
<status status="FAIL" start="2026-02-01T20:42:54.636560" elapsed="0.001035">'https://nfbusty.com/join?cascid=132' does not start with 'https://bill.ccbill.com/jpost/signup'</status>
</kw>
<arg>${prefix}</arg>
<status status="FAIL" start="2026-02-01T20:42:54.630336" elapsed="0.007471">'https://nfbusty.com/join?cascid=132' does not start with 'https://bill.ccbill.com/jpost/signup'</status>
</kw>
<kw name="Current URL should start with" owner="keywords">
<kw name="Get Url" owner="Browser">
<msg time="2026-02-01T20:42:55.644578" level="INFO">${url} = https://nfbusty.com/join?cascid=132</msg>
<var>${url}</var>
<tag>Assertion</tag>
<tag>Getter</tag>
<tag>PageContent</tag>
<doc>Returns the current URL.</doc>
<status status="PASS" start="2026-02-01T20:42:55.640154" elapsed="0.004490"/>
</kw>
<kw name="Should Start With" owner="BuiltIn">
<msg time="2026-02-01T20:42:55.645700" level="FAIL">'https://nfbusty.com/join?cascid=132' does not start with 'https://bill.ccbill.com/jpost/signup'</msg>
<arg>${url}</arg>
<arg>${prefix}</arg>
<doc>Fails if the string ``str1`` does not start with the string ``str2``.</doc>
<status status="FAIL" start="2026-02-01T20:42:55.644885" elapsed="0.000930">'https://nfbusty.com/join?cascid=132' does not start with 'https://bill.ccbill.com/jpost/signup'</status>
</kw>
<arg>${prefix}</arg>
<status status="FAIL" start="2026-02-01T20:42:55.639098" elapsed="0.006912">'https://nfbusty.com/join?cascid=132' does not start with 'https://bill.ccbill.com/jpost/signup'</status>
</kw>
<kw name="Current URL should start with" owner="keywords">
<kw name="Get Url" owner="Browser">
<msg time="2026-02-01T20:42:56.653725" level="INFO">${url} = https://nfbusty.com/join?cascid=132</msg>
<var>${url}</var>
<tag>Assertion</tag>
<tag>Getter</tag>
<tag>PageContent</tag>
<doc>Returns the current URL.</doc>
<status status="PASS" start="2026-02-01T20:42:56.649110" elapsed="0.004693"/>
</kw>
<kw name="Should Start With" owner="BuiltIn">
<msg time="2026-02-01T20:42:56.655012" level="FAIL">'https://nfbusty.com/join?cascid=132' does not start with 'https://bill.ccbill.com/jpost/signup'</msg>
<arg>${url}</arg>
<arg>${prefix}</arg>
<doc>Fails if the string ``str1`` does not start with the string ``str2``.</doc>
<status status="FAIL" start="2026-02-01T20:42:56.654082" elapsed="0.001056">'https://nfbusty.com/join?cascid=132' does not start with 'https://bill.ccbill.com/jpost/signup'</status>
</kw>
<arg>${prefix}</arg>
<status status="FAIL" start="2026-02-01T20:42:56.647461" elapsed="0.007889">'https://nfbusty.com/join?cascid=132' does not start with 'https://bill.ccbill.com/jpost/signup'</status>
</kw>
<kw name="Current URL should start with" owner="keywords">
<kw name="Get Url" owner="Browser">
<msg time="2026-02-01T20:42:57.661594" level="INFO">${url} = https://nfbusty.com/join?cascid=132</msg>
<var>${url}</var>
<tag>Assertion</tag>
<tag>Getter</tag>
<tag>PageContent</tag>
<doc>Returns the current URL.</doc>
<status status="PASS" start="2026-02-01T20:42:57.657078" elapsed="0.004610"/>
</kw>
<kw name="Should Start With" owner="BuiltIn">
<msg time="2026-02-01T20:42:57.662910" level="FAIL">'https://nfbusty.com/join?cascid=132' does not start with 'https://bill.ccbill.com/jpost/signup'</msg>
<arg>${url}</arg>
<arg>${prefix}</arg>
<doc>Fails if the string ``str1`` does not start with the string ``str2``.</doc>
<status status="FAIL" start="2026-02-01T20:42:57.661949" elapsed="0.001125">'https://nfbusty.com/join?cascid=132' does not start with 'https://bill.ccbill.com/jpost/signup'</status>
</kw>
<arg>${prefix}</arg>
<status status="FAIL" start="2026-02-01T20:42:57.656084" elapsed="0.007209">'https://nfbusty.com/join?cascid=132' does not start with 'https://bill.ccbill.com/jpost/signup'</status>
</kw>
<kw name="Current URL should start with" owner="keywords">
<kw name="Get Url" owner="Browser">
<msg time="2026-02-01T20:42:58.669930" level="INFO">${url} = https://nfbusty.com/join?cascid=132</msg>
<var>${url}</var>
<tag>Assertion</tag>
<tag>Getter</tag>
<tag>PageContent</tag>
<doc>Returns the current URL.</doc>
<status status="PASS" start="2026-02-01T20:42:58.665581" elapsed="0.004419"/>
</kw>
<kw name="Should Start With" owner="BuiltIn">
<msg time="2026-02-01T20:42:58.671090" level="FAIL">'https://nfbusty.com/join?cascid=132' does not start with 'https://bill.ccbill.com/jpost/signup'</msg>
<arg>${url}</arg>
<arg>${prefix}</arg>
<doc>Fails if the string ``str1`` does not start with the string ``str2``.</doc>
<status status="FAIL" start="2026-02-01T20:42:58.670256" elapsed="0.000975">'https://nfbusty.com/join?cascid=132' does not start with 'https://bill.ccbill.com/jpost/signup'</status>
</kw>
<arg>${prefix}</arg>
<status status="FAIL" start="2026-02-01T20:42:58.664368" elapsed="0.007067">'https://nfbusty.com/join?cascid=132' does not start with 'https://bill.ccbill.com/jpost/signup'</status>
</kw>
<kw name="Current URL should start with" owner="keywords">
<kw name="Get Url" owner="Browser">
<msg time="2026-02-01T20:42:59.678250" level="INFO">${url} = https://nfbusty.com/join?cascid=132</msg>
<var>${url}</var>
<tag>Assertion</tag>
<tag>Getter</tag>
<tag>PageContent</tag>
<doc>Returns the current URL.</doc>
<status status="PASS" start="2026-02-01T20:42:59.673804" elapsed="0.004536"/>
</kw>
<kw name="Should Start With" owner="BuiltIn">
<msg time="2026-02-01T20:42:59.679715" level="FAIL">'https://nfbusty.com/join?cascid=132' does not start with 'https://bill.ccbill.com/jpost/signup'</msg>
<arg>${url}</arg>
<arg>${prefix}</arg>
<doc>Fails if the string ``str1`` does not start with the string ``str2``.</doc>
<status status="FAIL" start="2026-02-01T20:42:59.678635" elapsed="0.001219">'https://nfbusty.com/join?cascid=132' does not start with 'https://bill.ccbill.com/jpost/signup'</status>
</kw>
<arg>${prefix}</arg>
<status status="FAIL" start="2026-02-01T20:42:59.672783" elapsed="0.007289">'https://nfbusty.com/join?cascid=132' does not start with 'https://bill.ccbill.com/jpost/signup'</status>
</kw>
<kw name="Current URL should start with" owner="keywords">
<kw name="Get Url" owner="Browser">
<msg time="2026-02-01T20:43:00.687390" level="INFO">${url} = https://nfbusty.com/join?cascid=132</msg>
<var>${url}</var>
<tag>Assertion</tag>
<tag>Getter</tag>
<tag>PageContent</tag>
<doc>Returns the current URL.</doc>
<status status="PASS" start="2026-02-01T20:43:00.682746" elapsed="0.004720"/>
</kw>
<kw name="Should Start With" owner="BuiltIn">
<msg time="2026-02-01T20:43:00.688736" level="FAIL">'https://nfbusty.com/join?cascid=132' does not start with 'https://bill.ccbill.com/jpost/signup'</msg>
<arg>${url}</arg>
<arg>${prefix}</arg>
<doc>Fails if the string ``str1`` does not start with the string ``str2``.</doc>
<status status="FAIL" start="2026-02-01T20:43:00.687735" elapsed="0.001130">'https://nfbusty.com/join?cascid=132' does not start with 'https://bill.ccbill.com/jpost/signup'</status>
</kw>
<arg>${prefix}</arg>
<status status="FAIL" start="2026-02-01T20:43:00.681608" elapsed="0.007473">'https://nfbusty.com/join?cascid=132' does not start with 'https://bill.ccbill.com/jpost/signup'</status>
</kw>
<kw name="Current URL should start with" owner="keywords">
<kw name="Get Url" owner="Browser">
<msg time="2026-02-01T20:43:01.695934" level="INFO">${url} = https://nfbusty.com/join?cascid=132</msg>
<var>${url}</var>
<tag>Assertion</tag>
<tag>Getter</tag>
<tag>PageContent</tag>
<doc>Returns the current URL.</doc>
<status status="PASS" start="2026-02-01T20:43:01.691604" elapsed="0.004397"/>
</kw>
<kw name="Should Start With" owner="BuiltIn">
<msg time="2026-02-01T20:43:01.697130" level="FAIL">'https://nfbusty.com/join?cascid=132' does not start with 'https://bill.ccbill.com/jpost/signup'</msg>
<arg>${url}</arg>
<arg>${prefix}</arg>
<doc>Fails if the string ``str1`` does not start with the string ``str2``.</doc>
<status status="FAIL" start="2026-02-01T20:43:01.696236" elapsed="0.001141">'https://nfbusty.com/join?cascid=132' does not start with 'https://bill.ccbill.com/jpost/signup'</status>
</kw>
<arg>${prefix}</arg>
<status status="FAIL" start="2026-02-01T20:43:01.690461" elapsed="0.007420">'https://nfbusty.com/join?cascid=132' does not start with 'https://bill.ccbill.com/jpost/signup'</status>
</kw>
<kw name="Current URL should start with" owner="keywords">
<kw name="Get Url" owner="Browser">
<msg time="2026-02-01T20:43:02.704261" level="INFO">${url} = https://nfbusty.com/join?cascid=132</msg>
<var>${url}</var>
<tag>Assertion</tag>
<tag>Getter</tag>
<tag>PageContent</tag>
<doc>Returns the current URL.</doc>
<status status="PASS" start="2026-02-01T20:43:02.700046" elapsed="0.004285"/>
</kw>
<kw name="Should Start With" owner="BuiltIn">
<msg time="2026-02-01T20:43:02.705380" level="FAIL">'https://nfbusty.com/join?cascid=132' does not start with 'https://bill.ccbill.com/jpost/signup'</msg>
<arg>${url}</arg>
<arg>${prefix}</arg>
<doc>Fails if the string ``str1`` does not start with the string ``str2``.</doc>
<status status="FAIL" start="2026-02-01T20:43:02.704567" elapsed="0.000933">'https://nfbusty.com/join?cascid=132' does not start with 'https://bill.ccbill.com/jpost/signup'</status>
</kw>
<arg>${prefix}</arg>
<status status="FAIL" start="2026-02-01T20:43:02.699054" elapsed="0.006634">'https://nfbusty.com/join?cascid=132' does not start with 'https://bill.ccbill.com/jpost/signup'</status>
</kw>
<kw name="Current URL should start with" owner="keywords">
<kw name="Get Url" owner="Browser">
<msg time="2026-02-01T20:43:03.712208" level="INFO">${url} = https://nfbusty.com/join?cascid=132</msg>
<var>${url}</var>
<tag>Assertion</tag>
<tag>Getter</tag>
<tag>PageContent</tag>
<doc>Returns the current URL.</doc>
<status status="PASS" start="2026-02-01T20:43:03.707484" elapsed="0.004792"/>
</kw>
<kw name="Should Start With" owner="BuiltIn">
<msg time="2026-02-01T20:43:03.713287" level="FAIL">'https://nfbusty.com/join?cascid=132' does not start with 'https://bill.ccbill.com/jpost/signup'</msg>
<arg>${url}</arg>
<arg>${prefix}</arg>
<doc>Fails if the string ``str1`` does not start with the string ``str2``.</doc>
<status status="FAIL" start="2026-02-01T20:43:03.712510" elapsed="0.000893">'https://nfbusty.com/join?cascid=132' does not start with 'https://bill.ccbill.com/jpost/signup'</status>
</kw>
<arg>${prefix}</arg>
<status status="FAIL" start="2026-02-01T20:43:03.706460" elapsed="0.007158">'https://nfbusty.com/join?cascid=132' does not start with 'https://bill.ccbill.com/jpost/signup'</status>
</kw>
<kw name="Current URL should start with" owner="keywords">
<kw name="Get Url" owner="Browser">
<msg time="2026-02-01T20:43:04.719911" level="INFO">${url} = https://nfbusty.com/join?cascid=132</msg>
<var>${url}</var>
<tag>Assertion</tag>
<tag>Getter</tag>
<tag>PageContent</tag>
<doc>Returns the current URL.</doc>
<status status="PASS" start="2026-02-01T20:43:04.715736" elapsed="0.004248"/>
</kw>
<kw name="Should Start With" owner="BuiltIn">
<msg time="2026-02-01T20:43:04.721021" level="FAIL">'https://nfbusty.com/join?cascid=132' does not start with 'https://bill.ccbill.com/jpost/signup'</msg>
<arg>${url}</arg>
<arg>${prefix}</arg>
<doc>Fails if the string ``str1`` does not start with the string ``str2``.</doc>
<status status="FAIL" start="2026-02-01T20:43:04.720228" elapsed="0.000934">'https://nfbusty.com/join?cascid=132' does not start with 'https://bill.ccbill.com/jpost/signup'</status>
</kw>
<arg>${prefix}</arg>
<status status="FAIL" start="2026-02-01T20:43:04.714855" elapsed="0.006510">'https://nfbusty.com/join?cascid=132' does not start with 'https://bill.ccbill.com/jpost/signup'</status>
</kw>
<kw name="Current URL should start with" owner="keywords">
<kw name="Get Url" owner="Browser">
<msg time="2026-02-01T20:43:05.727098" level="INFO">${url} = https://nfbusty.com/join?cascid=132</msg>
<var>${url}</var>
<tag>Assertion</tag>
<tag>Getter</tag>
<tag>PageContent</tag>
<doc>Returns the current URL.</doc>
<status status="PASS" start="2026-02-01T20:43:05.723045" elapsed="0.004115"/>
</kw>
<kw name="Should Start With" owner="BuiltIn">
<msg time="2026-02-01T20:43:05.728118" level="FAIL">'https://nfbusty.com/join?cascid=132' does not start with 'https://bill.ccbill.com/jpost/signup'</msg>
<arg>${url}</arg>
<arg>${prefix}</arg>
<doc>Fails if the string ``str1`` does not start with the string ``str2``.</doc>
<status status="FAIL" start="2026-02-01T20:43:05.727371" elapsed="0.000852">'https://nfbusty.com/join?cascid=132' does not start with 'https://bill.ccbill.com/jpost/signup'</status>
</kw>
<arg>${prefix}</arg>
<status status="FAIL" start="2026-02-01T20:43:05.722066" elapsed="0.006341">'https://nfbusty.com/join?cascid=132' does not start with 'https://bill.ccbill.com/jpost/signup'</status>
</kw>
<kw name="Current URL should start with" owner="keywords">
<kw name="Get Url" owner="Browser">
<msg time="2026-02-01T20:43:06.736108" level="INFO">${url} = https://nfbusty.com/join?cascid=132</msg>
<var>${url}</var>
<tag>Assertion</tag>
<tag>Getter</tag>
<tag>PageContent</tag>
<doc>Returns the current URL.</doc>
<status status="PASS" start="2026-02-01T20:43:06.731652" elapsed="0.004532"/>
</kw>
<kw name="Should Start With" owner="BuiltIn">
<msg time="2026-02-01T20:43:06.737375" level="FAIL">'https://nfbusty.com/join?cascid=132' does not start with 'https://bill.ccbill.com/jpost/signup'</msg>
<arg>${url}</arg>
<arg>${prefix}</arg>
<doc>Fails if the string ``str1`` does not start with the string ``str2``.</doc>
<status status="FAIL" start="2026-02-01T20:43:06.736463" elapsed="0.001039">'https://nfbusty.com/join?cascid=132' does not start with 'https://bill.ccbill.com/jpost/signup'</status>
</kw>
<arg>${prefix}</arg>
<status status="FAIL" start="2026-02-01T20:43:06.729553" elapsed="0.008158">'https://nfbusty.com/join?cascid=132' does not start with 'https://bill.ccbill.com/jpost/signup'</status>
</kw>
<kw name="Current URL should start with" owner="keywords">
<kw name="Get Url" owner="Browser">
<msg time="2026-02-01T20:43:07.744212" level="INFO">${url} = https://nfbusty.com/join?cascid=132</msg>
<var>${url}</var>
<tag>Assertion</tag>
<tag>Getter</tag>
<tag>PageContent</tag>
<doc>Returns the current URL.</doc>
<status status="PASS" start="2026-02-01T20:43:07.739978" elapsed="0.004303"/>
</kw>
<kw name="Should Start With" owner="BuiltIn">
<msg time="2026-02-01T20:43:07.745309" level="FAIL">'https://nfbusty.com/join?cascid=132' does not start with 'https://bill.ccbill.com/jpost/signup'</msg>
<arg>${url}</arg>
<arg>${prefix}</arg>
<doc>Fails if the string ``str1`` does not start with the string ``str2``.</doc>
<status status="FAIL" start="2026-02-01T20:43:07.744519" elapsed="0.000898">'https://nfbusty.com/join?cascid=132' does not start with 'https://bill.ccbill.com/jpost/signup'</status>
</kw>
<arg>${prefix}</arg>
<status status="FAIL" start="2026-02-01T20:43:07.738997" elapsed="0.006595">'https://nfbusty.com/join?cascid=132' does not start with 'https://bill.ccbill.com/jpost/signup'</status>
</kw>
<kw name="Current URL should start with" owner="keywords">
<kw name="Get Url" owner="Browser">
<msg time="2026-02-01T20:43:08.753170" level="INFO">${url} = https://nfbusty.com/join?cascid=132</msg>
<var>${url}</var>
<tag>Assertion</tag>
<tag>Getter</tag>
<tag>PageContent</tag>
<doc>Returns the current URL.</doc>
<status status="PASS" start="2026-02-01T20:43:08.748518" elapsed="0.004876"/>
</kw>
<kw name="Should Start With" owner="BuiltIn">
<msg time="2026-02-01T20:43:08.754400" level="FAIL">'https://nfbusty.com/join?cascid=132' does not start with 'https://bill.ccbill.com/jpost/signup'</msg>
<arg>${url}</arg>
<arg>${prefix}</arg>
<doc>Fails if the string ``str1`` does not start with the string ``str2``.</doc>
<status status="FAIL" start="2026-02-01T20:43:08.753626" elapsed="0.000915">'https://nfbusty.com/join?cascid=132' does not start with 'https://bill.ccbill.com/jpost/signup'</status>
</kw>
<arg>${prefix}</arg>
<status status="FAIL" start="2026-02-01T20:43:08.747004" elapsed="0.007741">'https://nfbusty.com/join?cascid=132' does not start with 'https://bill.ccbill.com/jpost/signup'</status>
</kw>
<kw name="Current URL should start with" owner="keywords">
<kw name="Get Url" owner="Browser">
<msg time="2026-02-01T20:43:09.761105" level="INFO">${url} = https://nfbusty.com/join?cascid=132</msg>
<var>${url}</var>
<tag>Assertion</tag>
<tag>Getter</tag>
<tag>PageContent</tag>
<doc>Returns the current URL.</doc>
<status status="PASS" start="2026-02-01T20:43:09.756821" elapsed="0.004355"/>
</kw>
<kw name="Should Start With" owner="BuiltIn">
<msg time="2026-02-01T20:43:09.762243" level="FAIL">'https://nfbusty.com/join?cascid=132' does not start with 'https://bill.ccbill.com/jpost/signup'</msg>
<arg>${url}</arg>
<arg>${prefix}</arg>
<doc>Fails if the string ``str1`` does not start with the string ``str2``.</doc>
<status status="FAIL" start="2026-02-01T20:43:09.761434" elapsed="0.000928">'https://nfbusty.com/join?cascid=132' does not start with 'https://bill.ccbill.com/jpost/signup'</status>
</kw>
<arg>${prefix}</arg>
<status status="FAIL" start="2026-02-01T20:43:09.755825" elapsed="0.006732">'https://nfbusty.com/join?cascid=132' does not start with 'https://bill.ccbill.com/jpost/signup'</status>
</kw>
<kw name="Current URL should start with" owner="keywords">
<kw name="Get Url" owner="Browser">
<msg time="2026-02-01T20:43:10.771747" level="INFO">${url} = https://nfbusty.com/join?cascid=132</msg>
<var>${url}</var>
<tag>Assertion</tag>
<tag>Getter</tag>
<tag>PageContent</tag>
<doc>Returns the current URL.</doc>
<status status="PASS" start="2026-02-01T20:43:10.766222" elapsed="0.005605"/>
</kw>
<kw name="Should Start With" owner="BuiltIn">
<msg time="2026-02-01T20:43:10.773089" level="FAIL">'https://nfbusty.com/join?cascid=132' does not start with 'https://bill.ccbill.com/jpost/signup'</msg>
<arg>${url}</arg>
<arg>${prefix}</arg>
<doc>Fails if the string ``str1`` does not start with the string ``str2``.</doc>
<status status="FAIL" start="2026-02-01T20:43:10.772114" elapsed="0.001098">'https://nfbusty.com/join?cascid=132' does not start with 'https://bill.ccbill.com/jpost/signup'</status>
</kw>
<arg>${prefix}</arg>
<status status="FAIL" start="2026-02-01T20:43:10.764314" elapsed="0.009097">'https://nfbusty.com/join?cascid=132' does not start with 'https://bill.ccbill.com/jpost/signup'</status>
</kw>
<kw name="Current URL should start with" owner="keywords">
<kw name="Get Url" owner="Browser">
<msg time="2026-02-01T20:43:11.781744" level="INFO">${url} = https://nfbusty.com/join?cascid=132</msg>
<var>${url}</var>
<tag>Assertion</tag>
<tag>Getter</tag>
<tag>PageContent</tag>
<doc>Returns the current URL.</doc>
<status status="PASS" start="2026-02-01T20:43:11.776230" elapsed="0.005591"/>
</kw>
<kw name="Should Start With" owner="BuiltIn">
<msg time="2026-02-01T20:43:11.782909" level="FAIL">'https://nfbusty.com/join?cascid=132' does not start with 'https://bill.ccbill.com/jpost/signup'</msg>
<arg>${url}</arg>
<arg>${prefix}</arg>
<doc>Fails if the string ``str1`` does not start with the string ``str2``.</doc>
<status status="FAIL" start="2026-02-01T20:43:11.782109" elapsed="0.000907">'https://nfbusty.com/join?cascid=132' does not start with 'https://bill.ccbill.com/jpost/signup'</status>
</kw>
<arg>${prefix}</arg>
<status status="FAIL" start="2026-02-01T20:43:11.774833" elapsed="0.008344">'https://nfbusty.com/join?cascid=132' does not start with 'https://bill.ccbill.com/jpost/signup'</status>
</kw>
<kw name="Current URL should start with" owner="keywords">
<kw name="Get Url" owner="Browser">
<msg time="2026-02-01T20:43:12.789254" level="INFO">${url} = https://nfbusty.com/join?cascid=132</msg>
<var>${url}</var>
<tag>Assertion</tag>
<tag>Getter</tag>
<tag>PageContent</tag>
<doc>Returns the current URL.</doc>
<status status="PASS" start="2026-02-01T20:43:12.784955" elapsed="0.004371"/>
</kw>
<kw name="Should Start With" owner="BuiltIn">
<msg time="2026-02-01T20:43:12.790342" level="FAIL">'https://nfbusty.com/join?cascid=132' does not start with 'https://bill.ccbill.com/jpost/signup'</msg>
<arg>${url}</arg>
<arg>${prefix}</arg>
<doc>Fails if the string ``str1`` does not start with the string ``str2``.</doc>
<status status="FAIL" start="2026-02-01T20:43:12.789599" elapsed="0.000861">'https://nfbusty.com/join?cascid=132' does not start with 'https://bill.ccbill.com/jpost/signup'</status>
</kw>
<arg>${prefix}</arg>
<status status="FAIL" start="2026-02-01T20:43:12.783912" elapsed="0.006716">'https://nfbusty.com/join?cascid=132' does not start with 'https://bill.ccbill.com/jpost/signup'</status>
</kw>
<kw name="Current URL should start with" owner="keywords">
<kw name="Get Url" owner="Browser">
<msg time="2026-02-01T20:43:13.797338" level="INFO">${url} = https://nfbusty.com/join?cascid=132</msg>
<var>${url}</var>
<tag>Assertion</tag>
<tag>Getter</tag>
<tag>PageContent</tag>
<doc>Returns the current URL.</doc>
<status status="PASS" start="2026-02-01T20:43:13.792718" elapsed="0.004678"/>
</kw>
<kw name="Should Start With" owner="BuiltIn">
<msg time="2026-02-01T20:43:13.798558" level="FAIL">'https://nfbusty.com/join?cascid=132' does not start with 'https://bill.ccbill.com/jpost/signup'</msg>
<arg>${url}</arg>
<arg>${prefix}</arg>
<doc>Fails if the string ``str1`` does not start with the string ``str2``.</doc>
<status status="FAIL" start="2026-02-01T20:43:13.797609" elapsed="0.001032">'https://nfbusty.com/join?cascid=132' does not start with 'https://bill.ccbill.com/jpost/signup'</status>
</kw>
<arg>${prefix}</arg>
<status status="FAIL" start="2026-02-01T20:43:13.791574" elapsed="0.007269">'https://nfbusty.com/join?cascid=132' does not start with 'https://bill.ccbill.com/jpost/signup'</status>
</kw>
<kw name="Current URL should start with" owner="keywords">
<kw name="Get Url" owner="Browser">
<msg time="2026-02-01T20:43:14.805349" level="INFO">${url} = https://nfbusty.com/join?cascid=132</msg>
<var>${url}</var>
<tag>Assertion</tag>
<tag>Getter</tag>
<tag>PageContent</tag>
<doc>Returns the current URL.</doc>
<status status="PASS" start="2026-02-01T20:43:14.800380" elapsed="0.005040"/>
</kw>
<kw name="Should Start With" owner="BuiltIn">
<msg time="2026-02-01T20:43:14.806488" level="FAIL">'https://nfbusty.com/join?cascid=132' does not start with 'https://bill.ccbill.com/jpost/signup'</msg>
<arg>${url}</arg>
<arg>${prefix}</arg>
<doc>Fails if the string ``str1`` does not start with the string ``str2``.</doc>
<status status="FAIL" start="2026-02-01T20:43:14.805671" elapsed="0.000938">'https://nfbusty.com/join?cascid=132' does not start with 'https://bill.ccbill.com/jpost/signup'</status>
</kw>
<arg>${prefix}</arg>
<status status="FAIL" start="2026-02-01T20:43:14.799334" elapsed="0.007473">'https://nfbusty.com/join?cascid=132' does not start with 'https://bill.ccbill.com/jpost/signup'</status>
</kw>
<kw name="Current URL should start with" owner="keywords">
<kw name="Get Url" owner="Browser">
<msg time="2026-02-01T20:43:15.814297" level="INFO">${url} = https://nfbusty.com/join?cascid=132</msg>
<var>${url}</var>
<tag>Assertion</tag>
<tag>Getter</tag>
<tag>PageContent</tag>
<doc>Returns the current URL.</doc>
<status status="PASS" start="2026-02-01T20:43:15.809075" elapsed="0.005301"/>
</kw>
<kw name="Should Start With" owner="BuiltIn">
<msg time="2026-02-01T20:43:15.815829" level="FAIL">'https://nfbusty.com/join?cascid=132' does not start with 'https://bill.ccbill.com/jpost/signup'</msg>
<arg>${url}</arg>
<arg>${prefix}</arg>
<doc>Fails if the string ``str1`` does not start with the string ``str2``.</doc>
<status status="FAIL" start="2026-02-01T20:43:15.814844" elapsed="0.001103">'https://nfbusty.com/join?cascid=132' does not start with 'https://bill.ccbill.com/jpost/signup'</status>
</kw>
<arg>${prefix}</arg>
<status status="FAIL" start="2026-02-01T20:43:15.807698" elapsed="0.008433">'https://nfbusty.com/join?cascid=132' does not start with 'https://bill.ccbill.com/jpost/signup'</status>
</kw>
<kw name="Current URL should start with" owner="keywords">
<kw name="Get Url" owner="Browser">
<msg time="2026-02-01T20:43:16.820576" level="INFO">${url} = https://nfbusty.com/join?cascid=132</msg>
<var>${url}</var>
<tag>Assertion</tag>
<tag>Getter</tag>
<tag>PageContent</tag>
<doc>Returns the current URL.</doc>
<status status="PASS" start="2026-02-01T20:43:16.817683" elapsed="0.002943"/>
</kw>
<kw name="Should Start With" owner="BuiltIn">
<msg time="2026-02-01T20:43:16.821360" level="FAIL">'https://nfbusty.com/join?cascid=132' does not start with 'https://bill.ccbill.com/jpost/signup'</msg>
<arg>${url}</arg>
<arg>${prefix}</arg>
<doc>Fails if the string ``str1`` does not start with the string ``str2``.</doc>
<status status="FAIL" start="2026-02-01T20:43:16.820801" elapsed="0.000634">'https://nfbusty.com/join?cascid=132' does not start with 'https://bill.ccbill.com/jpost/signup'</status>
</kw>
<arg>${prefix}</arg>
<status status="FAIL" start="2026-02-01T20:43:16.816973" elapsed="0.004587">'https://nfbusty.com/join?cascid=132' does not start with 'https://bill.ccbill.com/jpost/signup'</status>
</kw>
<kw name="Current URL should start with" owner="keywords">
<kw name="Get Url" owner="Browser">
<msg time="2026-02-01T20:43:17.827391" level="INFO">${url} = https://nfbusty.com/join?cascid=132</msg>
<var>${url}</var>
<tag>Assertion</tag>
<tag>Getter</tag>
<tag>PageContent</tag>
<doc>Returns the current URL.</doc>
<status status="PASS" start="2026-02-01T20:43:17.823361" elapsed="0.004100"/>
</kw>
<kw name="Should Start With" owner="BuiltIn">
<msg time="2026-02-01T20:43:17.828410" level="FAIL">'https://nfbusty.com/join?cascid=132' does not start with 'https://bill.ccbill.com/jpost/signup'</msg>
<arg>${url}</arg>
<arg>${prefix}</arg>
<doc>Fails if the string ``str1`` does not start with the string ``str2``.</doc>
<status status="FAIL" start="2026-02-01T20:43:17.827706" elapsed="0.000802">'https://nfbusty.com/join?cascid=132' does not start with 'https://bill.ccbill.com/jpost/signup'</status>
</kw>
<arg>${prefix}</arg>
<status status="FAIL" start="2026-02-01T20:43:17.822434" elapsed="0.006254">'https://nfbusty.com/join?cascid=132' does not start with 'https://bill.ccbill.com/jpost/signup'</status>
</kw>
<kw name="Current URL should start with" owner="keywords">
<kw name="Get Url" owner="Browser">
<msg time="2026-02-01T20:43:18.836456" level="INFO">${url} = https://nfbusty.com/join?cascid=132</msg>
<var>${url}</var>
<tag>Assertion</tag>
<tag>Getter</tag>
<tag>PageContent</tag>
<doc>Returns the current URL.</doc>
<status status="PASS" start="2026-02-01T20:43:18.830705" elapsed="0.005832"/>
</kw>
<kw name="Should Start With" owner="BuiltIn">
<msg time="2026-02-01T20:43:18.837840" level="FAIL">'https://nfbusty.com/join?cascid=132' does not start with 'https://bill.ccbill.com/jpost/signup'</msg>
<arg>${url}</arg>
<arg>${prefix}</arg>
<doc>Fails if the string ``str1`` does not start with the string ``str2``.</doc>
<status status="FAIL" start="2026-02-01T20:43:18.836828" elapsed="0.001148">'https://nfbusty.com/join?cascid=132' does not start with 'https://bill.ccbill.com/jpost/signup'</status>
</kw>
<arg>${prefix}</arg>
<status status="FAIL" start="2026-02-01T20:43:18.829539" elapsed="0.008651">'https://nfbusty.com/join?cascid=132' does not start with 'https://bill.ccbill.com/jpost/signup'</status>
</kw>
<msg time="2026-02-01T20:43:18.838426" level="FAIL">Keyword 'Current URL should start with' failed after retrying for 30 seconds. The last error was: 'https://nfbusty.com/join?cascid=132' does not start with 'https://bill.ccbill.com/jpost/signup'</msg>
<arg>30s</arg>
<arg>1s</arg>
<arg>Current URL should start with</arg>
<arg>${prefix}</arg>
<doc>Runs the specified keyword and retries if it fails.</doc>
<status status="FAIL" start="2026-02-01T20:42:48.582371" elapsed="30.256246">Keyword 'Current URL should start with' failed after retrying for 30 seconds. The last error was: 'https://nfbusty.com/join?cascid=132' does not start with 'https://bill.ccbill.com/jpost/signup'</status>
</kw>
<kw name="Get Url" owner="Browser">
<var>${finalUrl}</var>
<tag>Assertion</tag>
<tag>Getter</tag>
<tag>PageContent</tag>
<doc>Returns the current URL.</doc>
<status status="NOT RUN" start="2026-02-01T20:43:18.838856" elapsed="0.000226"/>
</kw>
<kw name="Log To Console" owner="BuiltIn">
<arg>Redirected URL: ${finalUrl}</arg>
<doc>Logs the given message to the console.</doc>
<status status="NOT RUN" start="2026-02-01T20:43:18.839278" elapsed="0.000153"/>
</kw>
<doc>Verify redirect to CCBill signup page and log the final URL.</doc>
<status status="FAIL" start="2026-02-01T20:42:48.581973" elapsed="30.257623">Keyword 'Current URL should start with' failed after retrying for 30 seconds. The last error was: 'https://nfbusty.com/join?cascid=132' does not start with 'https://bill.ccbill.com/jpost/signup'</status>
</kw>
<kw name="Fill CCBill personal details" owner="keywords">
<doc>Fill CCBill signup personal info after redirect.</doc>
<status status="NOT RUN" start="2026-02-01T20:43:18.839902" elapsed="0.000162"/>
</kw>
<kw name="Fill CCBill payment details" owner="keywords">
<arg>account_num=${acno}</arg>
<arg>routing_num=${rtno}</arg>
<doc>Fill CCBill payment info fields (ACH) after redirect.</doc>
<status status="NOT RUN" start="2026-02-01T20:43:18.840268" elapsed="0.000120"/>
</kw>
<kw name="Click submit order" owner="keywords">
<doc>Click CCBill "Submit Order" button.</doc>
<status status="NOT RUN" start="2026-02-01T20:43:18.840551" elapsed="0.000099"/>
</kw>
<status status="FAIL" start="2026-02-01T20:42:48.074937" elapsed="30.765794">Keyword 'Current URL should start with' failed after retrying for 30 seconds. The last error was: 'https://nfbusty.com/join?cascid=132' does not start with 'https://bill.ccbill.com/jpost/signup'</status>
</branch>
<status status="FAIL" start="2026-02-01T20:42:48.074917" elapsed="30.765887">Keyword 'Current URL should start with' failed after retrying for 30 seconds. The last error was: 'https://nfbusty.com/join?cascid=132' does not start with 'https://bill.ccbill.com/jpost/signup'</status>
</if>
<arg>${password}</arg>
<arg>${email}</arg>
<arg>${acno}</arg>
<arg>${rtno}</arg>
<doc>If the username prompt modal appears, fill email/password, click Proceed to Checkout, and log the email.</doc>
<status status="FAIL" start="2026-02-01T20:42:48.069515" elapsed="30.771398">Keyword 'Current URL should start with' failed after retrying for 30 seconds. The last error was: 'https://nfbusty.com/join?cascid=132' does not start with 'https://bill.ccbill.com/jpost/signup'</status>
</kw>
<doc>Close consent modal, select 30 day membership, fill email/password if prompted, proceed to checkout.</doc>
<status status="FAIL" start="2026-02-01T20:42:47.765053" elapsed="31.075967">Keyword 'Current URL should start with' failed after retrying for 30 seconds. The last error was: 'https://nfbusty.com/join?cascid=132' does not start with 'https://bill.ccbill.com/jpost/signup'</status>
</kw>
<msg time="2026-02-01T20:43:18.855444" level="INFO">Switching context to context=7e6e99bc-57da-4bab-8d8e-bf9857b6c5a6 in CURRENT</msg>
<msg time="2026-02-01T20:43:18.860044" level="INFO">Successfully changed active context: context=7e6e99bc-57da-4bab-8d8e-bf9857b6c5a6</msg>
<msg time="2026-02-01T20:43:18.868008" level="INFO">Successfully closed Context</msg>
<status status="FAIL" start="2026-02-01T20:42:24.708428" elapsed="54.133416">Keyword 'Current URL should start with' failed after retrying for 30 seconds. The last error was: 'https://nfbusty.com/join?cascid=132' does not start with 'https://bill.ccbill.com/jpost/signup'</status>
</test>
<status status="FAIL" start="2026-02-01T20:42:24.435690" elapsed="54.433266"/>
</suite>
<statistics>
<total>
<stat pass="0" fail="1" skip="0">All Tests</stat>
</total>
<tag>
</tag>
<suite>
<stat name="Join" id="s1" pass="0" fail="1" skip="0">Join</stat>
</suite>
</statistics>
<errors>
</errors>
</robot>
